(---------------------------------------------------------------------)
(                                                                     )
(    Allegro Netrev Import Logic                                      )
(                                                                     )
(    Drawing          : nrd52840_PCB.brd                              )
(    Software Version : 25.1S020                                      )
(    Date/Time        : Thu Jun 11 14:07:04 2026                      )
(                                                                     )
(---------------------------------------------------------------------)


------ Directives ------------

Ripup etch:                  No
Ripup delete first segment:  No
Ripup retain bondwire:       No
Ripup symbols:               Always
Missing symbol has error:    No
DRC update:                  Yes
Schematic directory:         '.'
Design Directory:            'C:/Users/camem/OneDrive/Nordic Bluetooth PCB/nRF52840 board/allegro'
Old design name:             'C:/Users/camem/OneDrive/Nordic Bluetooth PCB/nRF52840 board/allegro/nrd52840_PCB.brd'
New design name:             'C:/Users/camem/OneDrive/Nordic Bluetooth PCB/nRF52840 board/allegro/nrd52840_PCB.brd'

CmdLine: netrev -i . -y 1 -q netrev_constraint_report.xml C:/Users/camem/OneDrive/Nordic Bluetooth PCB/nRF52840 board/allegro/#Taaaabm05308.tmp

------ Preparing to read pst files ------

Starting to read ./pstchip.dat 
   Finished reading ./pstchip.dat (00:00:00.04)
Starting to read ./pstxprt.dat 
   Finished reading ./pstxprt.dat (00:00:00.00)
Starting to read ./pstxnet.dat 
   Finished reading ./pstxnet.dat (00:00:00.00)

------ Oversights/Warnings/Errors ------


------ Library Paths ------
MODULEPATH =  . 
           c:/cadence/orcadx_25.1/share/local/pcb/modules 

PSMPATH =  . 
           symbols 
           .. 
           ../symbols 
           C:/Cadence/OrCADX_25.1/share/orApps/OrCaptureApp/../../../share/local/pcb/symbols 
           C:/Cadence/OrCADX_25.1/share/orApps/OrCaptureApp/../../../share/pcb/pcb_lib/symbols 
           C:/Cadence/OrCADX_25.1/share/orApps/OrCaptureApp/../../../share/pcb/allegrolib/symbols 
           C:/SPB_Data/cdssetup/OrCAD_Capture/25.1.0/downloaded_parts/allegropcb 
           C:/SPB_Data/cdssetup/workspace/libraries/footprints 
           C:/SPB_Data/cdssetup/workspace/libraries/footprints/downloads 
           C:/SPB_Data/cdssetup/workspace 

PADPATH =  . 
           symbols 
           .. 
           ../symbols 
           C:/Cadence/OrCADX_25.1/share/orApps/OrCaptureApp/../../../share/local/pcb/padstacks 
           C:/Cadence/OrCADX_25.1/share/orApps/OrCaptureApp/../../../share/pcb/pcb_lib/symbols 
           C:/Cadence/OrCADX_25.1/share/orApps/OrCaptureApp/../../../share/pcb/allegrolib/symbols 
           C:/SPB_Data/cdssetup/OrCAD_Capture/25.1.0/downloaded_parts/allegropcb 
           C:/SPB_Data/cdssetup/workspace/libraries/footprints 
           C:/SPB_Data/cdssetup/workspace/libraries/footprints/downloads 
           C:/SPB_Data/cdssetup/workspace 


------ Summary Statistics ------


netrev run on Jun 11 14:07:04 2026
   DESIGN NAME : 'NRD52840 CIRCUIT'
   PACKAGING ON Feb  5 2026 13:43:38

   COMPILE 'logic'
   CHECK_PIN_NAMES OFF
   CROSS_REFERENCE OFF
   FEEDBACK OFF
   INCREMENTAL OFF
   INTERFACE_TYPE PHYSICAL
   MAX_ERRORS 500
   MERGE_MINIMUM 5
   NET_NAME_CHARS '#%&()*+-./:=>?@[]^_`|'
   NET_NAME_LENGTH 24
   OVERSIGHTS ON
   REPLACE_CHECK OFF
   SINGLE_NODE_NETS ON
   SPLIT_MINIMUM 0
   SUPPRESS   20
   WARNINGS ON

 No error detected
 No oversight detected
 No warning detected

cpu time      0:00:35
elapsed time  0:00:00

