(---------------------------------------------------------------------)
(                                                                     )
(    QUICKPLACE LOG                                                   )
(                                                                     )
(    Drawing          : nrd52840_PCB.brd                              )
(    Software Version : 25.1S020                                      )
(    Date/Time        : Thu Jun 11 14:07:05 2026                      )
(                                                                     )
(---------------------------------------------------------------------)



Placing page "1"
	Placed symbol:  C28 / CAPACITOR_CAP0603_DISCRETE_4.7UF_10 / CAP0603 at (242.811 263.296)
	Placed symbol:  D1 / PRTR5V0U2X_PRTR5V0U2X_PRTR5V0U2X_(PRTR5V0U2X) / PRTR5V0U2X at (228.861 262.540)
	Placed symbol:  J1 / USB4085-GF-A_USB4085-GF-A_USB4085-GF-A_(USB4085-GF-A) / USB4085-GF-A at (209.885 262.540)
	Placed symbol:  R2 / RES1_BEADC0402X50N_DISCRETE_5.1K_1% / BEADC0402X50N at (225.835 249.480)
	Placed symbol:  R1 / RES1_BEADC0402X50N_DISCRETE_5.1K_1% / BEADC0402X50N at (193.935 249.480)
	Placed symbol:  C4 / CAPACITOR_BEADC0402X50N_DISCRETE_10UF_10 / BEADC0402X50N at (267.836 261.783)
	Placed symbol:  C3 / CAPACITOR_BEADC0402X50N_DISCRETE_10UF_10 / BEADC0402X50N at (280.186 262.540)
	Placed symbol:  C2 / CAPACITOR_BEADC0402X50N_DISCRETE_100NF_10 / BEADC0402X50N at (255.486 263.296)

Placing page "2"
	Placed symbol:  C29 / CAPACITOR_CAP0603_DISCRETE_4.7UF_10 / CAP0603 at (515.305 405.843)
	Placed symbol:  C30 / CAPACITOR_CAP0603_DISCRETE_4.7UF_10 / CAP0603 at (543.816 463.270)
	Placed symbol:  C31 / CAPACITOR_CAP0603_DISCRETE_4.7UF_10 / CAP0603 at (489.955 450.843)
	Placed symbol:  C32 / CAPACITOR_CAP0603_DISCRETE_1UF_10 / CAP0603 at (308.506 439.443)
	Placed symbol:  C33 / CAPACITOR_CAP0603_DISCRETE_1UF_10 / CAP0603 at (390.505 502.551)
	Placed symbol:  J5 / 61301011021_BORDERHEADER10-W64P0X254_1X10_2540X254X254P_61301011021_(BORDERHEADER10-W64P0X254_1X10_2540X254X254P) / BORDERHEADER10-W64P0X254_1X10_2540X254X254P at (579.376 585.055)
	Placed symbol:  L6 / INDUCTOR_BEADC0402X50N_DISCRETE_4.7NH_5 / BEADC0402X50N at (415.530 294.490)
	Placed symbol:  J2 / TC2050-IDC-430_TC2050-IDC_TC2050-IDC-430 / TC2050-IDC at (559.046 331.881)
	Placed symbol:  L1 / INDUCTOR_SMR1210_DISCRETE_10UH_5 / SMR1210 at (515.305 490.124)
	Placed symbol:  L2 / INDUCTOR_SMR1210_DISCRETE_10UH_5 / SMR1210 at (345.976 463.270)
	Placed symbol:  L3 / INDUCTOR_SMR1210_DISCRETE_15NH_5 / SMR1210 at (374.257 463.270)
	Placed symbol:  LED1 / APTD1608ZGC_LEDC1608X110N_DISCRETE_APTD1608ZGC_(DO27A) / LEDC1608X110N at (194.485 572.226)
	Placed symbol:  LED2 / APTF1616SEEZGQBDC_APTF1616SEEZGQBDC_DISCRETE_APTF1616SEEZGQBDC / APTF1616SEEZGQBDC at (257.656 559.451)
	Placed symbol:  S1 / B3FS-1002P_B3FS-1000P_B3FS-1002P / B3FS-1000P at (235.710 314.756)
	Placed symbol:  S2 / B3FS-1002P_B3FS-1000P_B3FS-1002P / B3FS-1000P at (235.710 298.063)
	Placed symbol:  Y1 / ABS06-107-32.768KHZ_ABS06_ABS06-107-32.768KHZ / ABS06 at (242.856 476.697)
	Placed symbol:  Y2 / ECS-320-12-36-CKM-TR_ECS3201236CKMTR_32MHZ / ECS3201236CKMTR at (242.856 392.943)
	Placed symbol:  R9 / RES1_BEADC0402X50N_DISCRETE_0R_1% / BEADC0402X50N at (452.580 283.390)
	Placed symbol:  R8 / RES1_BEADC0402X50N_DISCRETE_10K_1% / BEADC0402X50N at (333.531 294.490)
	Placed symbol:  R7 / RES1_BEADC0402X50N_DISCRETE_4R7_1% / BEADC0402X50N at (531.141 417.093)
	Placed symbol:  R6 / RES1_BEADC0402X50N_DISCRETE_390_1% / BEADC0402X50N at (295.831 536.001)
	Placed symbol:  R5 / RES1_BEADC0402X50N_DISCRETE_2K2_1% / BEADC0402X50N at (283.481 536.001)
	Placed symbol:  R4 / RES1_BEADC0402X50N_DISCRETE_1K2_1% / BEADC0402X50N at (257.656 536.001)
	Placed symbol:  R3 / RES1_BEADC0402X50N_DISCRETE_220_1% / BEADC0402X50N at (207.385 547.101)
	Placed symbol:  C26 / CAPACITOR_BEADC0402X50N_DISCRETE_1.5PF_10 / BEADC0402X50N at (464.930 272.290)
	Placed symbol:  C25 / CAPACITOR_BEADC0402X50N_DISCRETE_N.C_10 / BEADC0402X50N at (440.230 272.290)
	Placed symbol:  C24 / CAPACITOR_BEADC0402X50N_DISCRETE_0.5PF_10 / BEADC0402X50N at (427.880 272.290)
	Placed symbol:  C23 / CAPACITOR_BEADC0402X50N_DISCRETE_0.8PF_10 / BEADC0402X50N at (403.180 272.290)
	Placed symbol:  C20 / CAPACITOR_BEADC0402X50N_DISCRETE_820PF_10 / BEADC0402X50N at (403.180 357.993)
	Placed symbol:  C15 / CAPACITOR_BEADC0402X50N_DISCRETE_100PF_10 / BEADC0402X50N at (390.505 417.093)
	Placed symbol:  C6 / CAPACITOR_BEADC0402X50N_DISCRETE_100NF_10 / BEADC0402X50N at (345.976 513.801)
	Placed symbol:  C5 / CAPACITOR_BEADC0402X50N_DISCRETE_100NF_10 / BEADC0402X50N at (377.830 524.901)
	Placed symbol:  C22 / CAPACITOR_BEADC0402X50N_DISCRETE_100NF_10 / BEADC0402X50N at (271.131 272.290)
	Placed symbol:  C21 / CAPACITOR_BEADC0402X50N_DISCRETE_100NF_10 / BEADC0402X50N at (477.280 346.893)
	Placed symbol:  C17 / CAPACITOR_BEADC0402X50N_DISCRETE_100NF_10 / BEADC0402X50N at (502.630 380.193)
	Placed symbol:  C14 / CAPACITOR_BEADC0402X50N_DISCRETE_100NF_10 / BEADC0402X50N at (361.812 428.193)
	Placed symbol:  C13 / CAPACITOR_BEADC0402X50N_DISCRETE_47NF_10 / BEADC0402X50N at (321.181 439.443)
	Placed symbol:  C9 / CAPACITOR_BEADC0402X50N_DISCRETE_12PF_10 / BEADC0402X50N at (219.735 450.843)
	Placed symbol:  C19 / CAPACITOR_BEADC0402X50N_DISCRETE_12PF_10 / BEADC0402X50N at (295.831 369.093)
	Placed symbol:  C18 / CAPACITOR_BEADC0402X50N_DISCRETE_12PF_10 / BEADC0402X50N at (194.485 369.093)
	Placed symbol:  C10 / CAPACITOR_BEADC0402X50N_DISCRETE_12PF_10 / BEADC0402X50N at (271.131 450.843)

Placed 49 of 49 symbols.
