INFO: Loaded existing interconnect file 'C:\Users\camem\OneDrive\Nordic Bluetooth PCB\nRF52840 board\allegro\interconn.iml'
INFO: Loaded existing interconnect file 'C:\Cadence\OrCADX_25.1\share\pcb\signal\cds_interconn.iml'
INFO: Finished loading SigNoise interconnect libraries
INFO: Reading report definition file 'C:/Cadence/OrCADX_25.1/share/pcb/signal/reports.dat'.
INFO: Finished reading report definition file successfully.
INFO: Reading report definition file 'C:/Cadence/OrCADX_25.1/share/pcb/signal/custom_rep.dat'.
INFO: Finished reading report definition file successfully.
INFO: Loaded existing interconnect file 'C:\Users\camem\OneDrive\Nordic Bluetooth PCB\nRF52840 board\allegro\interconn.iml'
INFO: Loaded existing interconnect file 'C:\Cadence\OrCADX_25.1\share\pcb\signal\cds_interconn.iml'
INFO: Finished loading SigNoise interconnect libraries
INFO: Field Solver bem2d for STL_1S_1R_80
INFO: Executing command: bem2d 0 "C:/Users/camem/AppData/Local/Temp/#Taaaacr05308.in" 0.00127
INFO: Field Solver bem2d for STL_1S_1R_81
INFO: Executing command: bem2d 0 "C:/Users/camem/AppData/Local/Temp/#Taaaacs05308.in" 0.00127
INFO: Field Solver bem2d for STL_1S_1R_82
INFO: Executing command: bem2d 0 "C:/Users/camem/AppData/Local/Temp/#Taaaact05308.in" 0.00127
INFO: Field Solver bem2d for STL_1S_1R_83
INFO: Executing command: bem2d 0 "C:/Users/camem/AppData/Local/Temp/#Taaaacu05308.in" 0.00127
INFO: Field Solver bem2d for STL_1S_1R_84
INFO: Executing command: bem2d 0 "C:/Users/camem/AppData/Local/Temp/#Taaaacv05308.in" 0.00127
INFO: Field Solver bem2d for STL_1S_1R_85
INFO: Executing command: bem2d 0 "C:/Users/camem/AppData/Local/Temp/#Taaaacw05308.in" 0.00127
INFO: Field Solver bem2d for MTL_1S_6R_86
INFO: Executing command: bem2d 0 "C:/Users/camem/AppData/Local/Temp/#Taaaacx05308.in" 0.00127
INFO: Field Solver bem2d for MTL_1S_6R_87
INFO: Executing command: bem2d 0 "C:/Users/camem/AppData/Local/Temp/#Taaaacy05308.in" 0.00127
INFO: Field Solver bem2d for MTL_1S_6R_88
INFO: Executing command: bem2d 0 "C:/Users/camem/AppData/Local/Temp/#Taaaacz05308.in" 0.00127
INFO: Field Solver bem2d for MTL_1S_6R_89
INFO: Executing command: bem2d 0 "C:/Users/camem/AppData/Local/Temp/#Taaaada05308.in" 0.00127
INFO: Field Solver bem2d for MTL_1S_6R_90
INFO: Executing command: bem2d 0 "C:/Users/camem/AppData/Local/Temp/#Taaaadb05308.in" 0.00127
INFO: Field Solver bem2d for MTL_1S_6R_91
INFO: Executing command: bem2d 0 "C:/Users/camem/AppData/Local/Temp/#Taaaadc05308.in" 0.00127
INFO: Field Solver bem2d for MTL_1S_6R_92
INFO: Executing command: bem2d 0 "C:/Users/camem/AppData/Local/Temp/#Taaaadd05308.in" 0.00127
INFO: Field Solver bem2d for MTL_1S_6R_93
INFO: Executing command: bem2d 0 "C:/Users/camem/AppData/Local/Temp/#Taaaade05308.in" 0.00127
INFO: Field Solver bem2d for MTL_1S_6R_94
INFO: Executing command: bem2d 0 "C:/Users/camem/AppData/Local/Temp/#Taaaadf05308.in" 0.00127
INFO: Field Solver bem2d for MTL_1S_6R_95
INFO: Executing command: bem2d 0 "C:/Users/camem/AppData/Local/Temp/#Taaaadg05308.in" 0.00127
INFO: Field Solver bem2d for MTL_1S_6R_96
INFO: Executing command: bem2d 0 "C:/Users/camem/AppData/Local/Temp/#Taaaadh05308.in" 0.00127
INFO: Field Solver bem2d for MTL_1S_6R_97
INFO: Executing command: bem2d 0 "C:/Users/camem/AppData/Local/Temp/#Taaaadi05308.in" 0.00127
INFO: Field Solver bem2d for MTL_1S_6R_98
INFO: Executing command: bem2d 0 "C:/Users/camem/AppData/Local/Temp/#Taaaadj05308.in" 0.00127
INFO: Field Solver bem2d for MTL_1S_6R_99
INFO: Executing command: bem2d 0 "C:/Users/camem/AppData/Local/Temp/#Taaaadk05308.in" 0.00127
INFO: Field Solver bem2d for MTL_1S_6R_100
INFO: Executing command: bem2d 0 "C:/Users/camem/AppData/Local/Temp/#Taaaadl05308.in" 0.00127
INFO: Field Solver bem2d for MTL_1S_6R_101
INFO: Executing command: bem2d 0 "C:/Users/camem/AppData/Local/Temp/#Taaaadm05308.in" 0.00127
INFO: Field Solver bem2d for MTL_1S_6R_102
INFO: Executing command: bem2d 0 "C:/Users/camem/AppData/Local/Temp/#Taaaadn05308.in" 0.00127
INFO: Field Solver bem2d for MTL_1S_6R_103
INFO: Executing command: bem2d 0 "C:/Users/camem/AppData/Local/Temp/#Taaaado05308.in" 0.00127
INFO: Field Solver bem2d for MTL_1S_6R_104
INFO: Executing command: bem2d 0 "C:/Users/camem/AppData/Local/Temp/#Taaaadp05308.in" 0.00127
INFO: Field Solver bem2d for MTL_1S_6R_105
INFO: Executing command: bem2d 0 "C:/Users/camem/AppData/Local/Temp/#Taaaadq05308.in" 0.00127
INFO: Field Solver bem2d for MTL_1S_6R_106
INFO: Executing command: bem2d 0 "C:/Users/camem/AppData/Local/Temp/#Taaaadr05308.in" 0.00127
INFO: Field Solver bem2d for MTL_1S_6R_107
INFO: Executing command: bem2d 0 "C:/Users/camem/AppData/Local/Temp/#Taaaads05308.in" 0.00127
INFO: Field Solver bem2d for MTL_1S_6R_108
INFO: Executing command: bem2d 0 "C:/Users/camem/AppData/Local/Temp/#Taaaadt05308.in" 0.00127
INFO: Field Solver bem2d for MTL_1S_6R_109
INFO: Executing command: bem2d 0 "C:/Users/camem/AppData/Local/Temp/#Taaaadu05308.in" 0.00127
INFO: Field Solver bem2d for MTL_1S_6R_110
INFO: Executing command: bem2d 0 "C:/Users/camem/AppData/Local/Temp/#Taaaadv05308.in" 0.00127
INFO: Field Solver bem2d for MTL_1S_6R_111
INFO: Executing command: bem2d 0 "C:/Users/camem/AppData/Local/Temp/#Taaaadw05308.in" 0.00127
INFO: Field Solver bem2d for MTL_1S_6R_112
INFO: Executing command: bem2d 0 "C:/Users/camem/AppData/Local/Temp/#Taaaadx05308.in" 0.00127
INFO: Field Solver bem2d for MTL_1S_6R_113
INFO: Executing command: bem2d 0 "C:/Users/camem/AppData/Local/Temp/#Taaaady05308.in" 0.00127
INFO: Field Solver bem2d for MTL_1S_6R_114
INFO: Executing command: bem2d 0 "C:/Users/camem/AppData/Local/Temp/#Taaaadz05308.in" 0.00127
INFO: Field Solver bem2d for MTL_1S_6R_115
INFO: Executing command: bem2d 0 "C:/Users/camem/AppData/Local/Temp/#Taaaaea05308.in" 0.00127
INFO: Field Solver bem2d for MTL_1S_6R_116
INFO: Executing command: bem2d 0 "C:/Users/camem/AppData/Local/Temp/#Taaaaeb05308.in" 0.00127
INFO: Field Solver bem2d for MTL_1S_6R_117
INFO: Executing command: bem2d 0 "C:/Users/camem/AppData/Local/Temp/#Taaaaec05308.in" 0.00127
INFO: Field Solver bem2d for MTL_1S_6R_118
INFO: Executing command: bem2d 0 "C:/Users/camem/AppData/Local/Temp/#Taaaaed05308.in" 0.00127
INFO: Field Solver bem2d for MTL_1S_6R_119
INFO: Executing command: bem2d 0 "C:/Users/camem/AppData/Local/Temp/#Taaaaee05308.in" 0.00127
INFO: Field Solver bem2d for MTL_1S_6R_120
INFO: Executing command: bem2d 0 "C:/Users/camem/AppData/Local/Temp/#Taaaaef05308.in" 0.00127
INFO: Field Solver bem2d for MTL_1S_6R_121
INFO: Executing command: bem2d 0 "C:/Users/camem/AppData/Local/Temp/#Taaaaeg05308.in" 0.00127
INFO: Field Solver bem2d for MTL_1S_6R_122
INFO: Executing command: bem2d 0 "C:/Users/camem/AppData/Local/Temp/#Taaaaeh05308.in" 0.00127
INFO: Field Solver bem2d for MTL_1S_6R_123
INFO: Executing command: bem2d 0 "C:/Users/camem/AppData/Local/Temp/#Taaaaei05308.in" 0.00127
INFO: Field Solver bem2d for MTL_1S_6R_124
INFO: Executing command: bem2d 0 "C:/Users/camem/AppData/Local/Temp/#Taaaaej05308.in" 0.00127
INFO: Field Solver bem2d for MTL_1S_6R_125
INFO: Executing command: bem2d 0 "C:/Users/camem/AppData/Local/Temp/#Taaaaek05308.in" 0.00127
INFO: Field Solver bem2d for STL_1S_1R_126
INFO: Executing command: bem2d 0 "C:/Users/camem/AppData/Local/Temp/#Taaaael05308.in" 0.00127
INFO: Field Solver bem2d for MTL_1S_6R_127
INFO: Executing command: bem2d 0 "C:/Users/camem/AppData/Local/Temp/#Taaaaem05308.in" 0.00127
INFO: Field Solver bem2d for MTL_1S_6R_128
INFO: Executing command: bem2d 0 "C:/Users/camem/AppData/Local/Temp/#Taaaaen05308.in" 0.00127
INFO: Field Solver bem2d for MTL_1S_6R_129
INFO: Executing command: bem2d 0 "C:/Users/camem/AppData/Local/Temp/#Taaaaeo05308.in" 0.00127
INFO: Field Solver bem2d for MTL_1S_6R_130
INFO: Executing command: bem2d 0 "C:/Users/camem/AppData/Local/Temp/#Taaaaep05308.in" 0.00127
INFO: Field Solver bem2d for MTL_1S_6R_131
INFO: Executing command: bem2d 0 "C:/Users/camem/AppData/Local/Temp/#Taaaaeq05308.in" 0.00127
INFO: Field Solver bem2d for MTL_1S_6R_132
INFO: Executing command: bem2d 0 "C:/Users/camem/AppData/Local/Temp/#Taaaaer05308.in" 0.00127
INFO: Field Solver bem2d for MTL_1S_6R_133
INFO: Executing command: bem2d 0 "C:/Users/